build/intermediates/manifest_merge_blame_file/debug/processDebugMainManifest/manifest-merger-blame-debug-report.txt
1<?xml version="1.0" encoding="utf-8"?>
2<manifest xmlns:android="http://schemas.android.com/apk/res/android"
3    package="br.com.fiap.runmail"
4    android:versionCode="1"
5    android:versionName="1.0" >
6
7    <uses-sdk
8        android:minSdkVersion="24"
9        android:targetSdkVersion="34" />
10
11    <uses-permission android:name="android.permission.INTERNET" />
11-->src\main\AndroidManifest.xml:4:5-67
11-->src\main\AndroidManifest.xml:4:22-64
12    <uses-permission android:name="android.permission.ACCESS_COARSE_LOCATION" />
12-->[com.google.android.libraries.places:places:3.5.0] AndroidManifest.xml:9:5-81
12-->[com.google.android.libraries.places:places:3.5.0] AndroidManifest.xml:9:22-78
13    <uses-permission android:name="android.permission.ACCESS_FINE_LOCATION" />
13-->[com.google.android.libraries.places:places:3.5.0] AndroidManifest.xml:10:5-79
13-->[com.google.android.libraries.places:places:3.5.0] AndroidManifest.xml:10:22-76
14    <uses-permission android:name="android.permission.ACCESS_WIFI_STATE" /> <!-- Include required permissions for Google Maps API to run. -->
14-->[com.google.android.libraries.places:places:3.5.0] AndroidManifest.xml:11:5-76
14-->[com.google.android.libraries.places:places:3.5.0] AndroidManifest.xml:11:22-73
15    <uses-permission android:name="android.permission.ACCESS_NETWORK_STATE" />
15-->[com.google.android.gms:play-services-maps:17.0.0] AndroidManifest.xml:23:5-79
15-->[com.google.android.gms:play-services-maps:17.0.0] AndroidManifest.xml:23:22-76
16
17    <uses-feature
17-->[com.google.android.gms:play-services-maps:17.0.0] AndroidManifest.xml:26:5-28:35
18        android:glEsVersion="0x00020000"
18-->[com.google.android.gms:play-services-maps:17.0.0] AndroidManifest.xml:27:9-41
19        android:required="true" />
19-->[com.google.android.gms:play-services-maps:17.0.0] AndroidManifest.xml:28:9-32
20
21    <permission
21-->[androidx.core:core:1.12.0] AndroidManifest.xml:22:5-24:47
22        android:name="br.com.fiap.runmail.DYNAMIC_RECEIVER_NOT_EXPORTED_PERMISSION"
22-->[androidx.core:core:1.12.0] AndroidManifest.xml:23:9-81
23        android:protectionLevel="signature" />
23-->[androidx.core:core:1.12.0] AndroidManifest.xml:24:9-44
24
25    <uses-permission android:name="br.com.fiap.runmail.DYNAMIC_RECEIVER_NOT_EXPORTED_PERMISSION" />
25-->[androidx.core:core:1.12.0] AndroidManifest.xml:26:5-97
25-->[androidx.core:core:1.12.0] AndroidManifest.xml:26:22-94
26
27    <application
27-->src\main\AndroidManifest.xml:5:5-25:19
28        android:allowBackup="true"
28-->src\main\AndroidManifest.xml:6:9-35
29        android:appComponentFactory="androidx.core.app.CoreComponentFactory"
29-->[androidx.core:core:1.12.0] AndroidManifest.xml:28:18-86
30        android:debuggable="true"
31        android:extractNativeLibs="false"
32        android:icon="@mipmap/ic_runmail"
32-->src\main\AndroidManifest.xml:7:9-42
33        android:label="@string/app_name"
33-->src\main\AndroidManifest.xml:8:9-41
34        android:networkSecurityConfig="@xml/network_security_config"
34-->src\main\AndroidManifest.xml:12:9-69
35        android:roundIcon="@mipmap/ic_runmail_round"
35-->src\main\AndroidManifest.xml:9:9-53
36        android:supportsRtl="true"
36-->src\main\AndroidManifest.xml:10:9-35
37        android:testOnly="true"
38        android:theme="@style/Theme.Runmail"
38-->src\main\AndroidManifest.xml:11:9-45
39        android:usesCleartextTraffic="true" >
39-->src\main\AndroidManifest.xml:13:9-44
40        <activity
40-->src\main\AndroidManifest.xml:14:9-23:20
41            android:name="br.com.fiap.runmail.MainActivity"
41-->src\main\AndroidManifest.xml:15:13-41
42            android:exported="true"
42-->src\main\AndroidManifest.xml:16:13-36
43            android:label="@string/app_name"
43-->src\main\AndroidManifest.xml:17:13-45
44            android:theme="@style/Theme.Runmail.SplashScreen" >
44-->src\main\AndroidManifest.xml:18:13-62
45            <intent-filter>
45-->src\main\AndroidManifest.xml:19:13-22:29
46                <action android:name="android.intent.action.MAIN" />
46-->src\main\AndroidManifest.xml:20:17-69
46-->src\main\AndroidManifest.xml:20:25-66
47
48                <category android:name="android.intent.category.LAUNCHER" />
48-->src\main\AndroidManifest.xml:21:17-77
48-->src\main\AndroidManifest.xml:21:27-74
49            </intent-filter>
50        </activity>
51
52        <provider
52-->[com.mikepenz:iconics-core:5.3.4] AndroidManifest.xml:26:9-40:20
53            android:name="androidx.startup.InitializationProvider"
53-->[com.mikepenz:iconics-core:5.3.4] AndroidManifest.xml:27:13-67
54            android:authorities="br.com.fiap.runmail.androidx-startup"
54-->[com.mikepenz:iconics-core:5.3.4] AndroidManifest.xml:28:13-68
55            android:exported="false" >
55-->[com.mikepenz:iconics-core:5.3.4] AndroidManifest.xml:29:13-37
56            <meta-data
56-->[com.mikepenz:iconics-core:5.3.4] AndroidManifest.xml:31:13-33:52
57                android:name="com.mikepenz.iconics.animation.SpinProcessor"
57-->[com.mikepenz:iconics-core:5.3.4] AndroidManifest.xml:32:17-76
58                android:value="androidx.startup" />
58-->[com.mikepenz:iconics-core:5.3.4] AndroidManifest.xml:33:17-49
59            <meta-data
59-->[com.mikepenz:iconics-core:5.3.4] AndroidManifest.xml:34:13-36:52
60                android:name="com.mikepenz.iconics.animation.BlinkAlphaProcessor"
60-->[com.mikepenz:iconics-core:5.3.4] AndroidManifest.xml:35:17-82
61                android:value="androidx.startup" />
61-->[com.mikepenz:iconics-core:5.3.4] AndroidManifest.xml:36:17-49
62            <meta-data
62-->[com.mikepenz:iconics-core:5.3.4] AndroidManifest.xml:37:13-39:52
63                android:name="com.mikepenz.iconics.animation.BlinkScaleProcessor"
63-->[com.mikepenz:iconics-core:5.3.4] AndroidManifest.xml:38:17-82
64                android:value="androidx.startup" />
64-->[com.mikepenz:iconics-core:5.3.4] AndroidManifest.xml:39:17-49
65            <meta-data
65-->[androidx.emoji2:emoji2:1.4.0] AndroidManifest.xml:29:13-31:52
66                android:name="androidx.emoji2.text.EmojiCompatInitializer"
66-->[androidx.emoji2:emoji2:1.4.0] AndroidManifest.xml:30:17-75
67                android:value="androidx.startup" />
67-->[androidx.emoji2:emoji2:1.4.0] AndroidManifest.xml:31:17-49
68            <meta-data
68-->[androidx.lifecycle:lifecycle-process:2.7.0] AndroidManifest.xml:29:13-31:52
69                android:name="androidx.lifecycle.ProcessLifecycleInitializer"
69-->[androidx.lifecycle:lifecycle-process:2.7.0] AndroidManifest.xml:30:17-78
70                android:value="androidx.startup" />
70-->[androidx.lifecycle:lifecycle-process:2.7.0] AndroidManifest.xml:31:17-49
71            <meta-data
71-->[androidx.profileinstaller:profileinstaller:1.3.0] AndroidManifest.xml:29:13-31:52
72                android:name="androidx.profileinstaller.ProfileInstallerInitializer"
72-->[androidx.profileinstaller:profileinstaller:1.3.0] AndroidManifest.xml:30:17-85
73                android:value="androidx.startup" />
73-->[androidx.profileinstaller:profileinstaller:1.3.0] AndroidManifest.xml:31:17-49
74        </provider>
75
76        <activity
76-->[com.google.android.libraries.places:places:3.5.0] AndroidManifest.xml:15:9-21:20
77            android:name="com.google.android.libraries.places.widget.AutocompleteActivity"
77-->[com.google.android.libraries.places:places:3.5.0] AndroidManifest.xml:16:13-91
78            android:exported="false"
78-->[com.google.android.libraries.places:places:3.5.0] AndroidManifest.xml:17:13-37
79            android:label="@string/places_autocomplete_label"
79-->[com.google.android.libraries.places:places:3.5.0] AndroidManifest.xml:18:13-62
80            android:theme="@style/PlacesAutocompleteOverlay"
80-->[com.google.android.libraries.places:places:3.5.0] AndroidManifest.xml:19:13-61
81            android:windowSoftInputMode="adjustResize" >
81-->[com.google.android.libraries.places:places:3.5.0] AndroidManifest.xml:20:13-55
82        </activity> <!-- Needs to be explicitly declared on P+ -->
83        <uses-library
83-->[com.google.android.gms:play-services-maps:17.0.0] AndroidManifest.xml:33:9-35:40
84            android:name="org.apache.http.legacy"
84-->[com.google.android.gms:play-services-maps:17.0.0] AndroidManifest.xml:34:13-50
85            android:required="false" />
85-->[com.google.android.gms:play-services-maps:17.0.0] AndroidManifest.xml:35:13-37
86
87        <activity
87-->[com.google.android.gms:play-services-base:18.3.0] AndroidManifest.xml:20:9-22:45
88            android:name="com.google.android.gms.common.api.GoogleApiActivity"
88-->[com.google.android.gms:play-services-base:18.3.0] AndroidManifest.xml:20:19-85
89            android:exported="false"
89-->[com.google.android.gms:play-services-base:18.3.0] AndroidManifest.xml:22:19-43
90            android:theme="@android:style/Theme.Translucent.NoTitleBar" />
90-->[com.google.android.gms:play-services-base:18.3.0] AndroidManifest.xml:21:19-78
91
92        <meta-data
92-->[com.google.android.gms:play-services-basement:18.3.0] AndroidManifest.xml:21:9-23:69
93            android:name="com.google.android.gms.version"
93-->[com.google.android.gms:play-services-basement:18.3.0] AndroidManifest.xml:22:13-58
94            android:value="@integer/google_play_services_version" />
94-->[com.google.android.gms:play-services-basement:18.3.0] AndroidManifest.xml:23:13-66
95
96        <activity
96-->[androidx.compose.ui:ui-tooling-android:1.5.1] AndroidManifest.xml:23:9-25:39
97            android:name="androidx.compose.ui.tooling.PreviewActivity"
97-->[androidx.compose.ui:ui-tooling-android:1.5.1] AndroidManifest.xml:24:13-71
98            android:exported="true" />
98-->[androidx.compose.ui:ui-tooling-android:1.5.1] AndroidManifest.xml:25:13-36
99        <activity
99-->[androidx.compose.ui:ui-test-manifest:1.5.1] AndroidManifest.xml:23:9-25:39
100            android:name="androidx.activity.ComponentActivity"
100-->[androidx.compose.ui:ui-test-manifest:1.5.1] AndroidManifest.xml:24:13-63
101            android:exported="true" />
101-->[androidx.compose.ui:ui-test-manifest:1.5.1] AndroidManifest.xml:25:13-36
102
103        <service
103-->[com.google.android.datatransport:transport-backend-cct:3.2.0] AndroidManifest.xml:26:9-32:19
104            android:name="com.google.android.datatransport.runtime.backends.TransportBackendDiscovery"
104-->[com.google.android.datatransport:transport-backend-cct:3.2.0] AndroidManifest.xml:27:13-103
105            android:exported="false" >
105-->[com.google.android.datatransport:transport-backend-cct:3.2.0] AndroidManifest.xml:28:13-37
106            <meta-data
106-->[com.google.android.datatransport:transport-backend-cct:3.2.0] AndroidManifest.xml:29:13-31:39
107                android:name="backend:com.google.android.datatransport.cct.CctBackendFactory"
107-->[com.google.android.datatransport:transport-backend-cct:3.2.0] AndroidManifest.xml:30:17-94
108                android:value="cct" />
108-->[com.google.android.datatransport:transport-backend-cct:3.2.0] AndroidManifest.xml:31:17-36
109        </service>
110        <service
110-->[com.google.android.datatransport:transport-runtime:3.2.0] AndroidManifest.xml:24:9-28:19
111            android:name="com.google.android.datatransport.runtime.scheduling.jobscheduling.JobInfoSchedulerService"
111-->[com.google.android.datatransport:transport-runtime:3.2.0] AndroidManifest.xml:25:13-117
112            android:exported="false"
112-->[com.google.android.datatransport:transport-runtime:3.2.0] AndroidManifest.xml:26:13-37
113            android:permission="android.permission.BIND_JOB_SERVICE" >
113-->[com.google.android.datatransport:transport-runtime:3.2.0] AndroidManifest.xml:27:13-69
114        </service>
115
116        <receiver
116-->[com.google.android.datatransport:transport-runtime:3.2.0] AndroidManifest.xml:30:9-32:40
117            android:name="com.google.android.datatransport.runtime.scheduling.jobscheduling.AlarmManagerSchedulerBroadcastReceiver"
117-->[com.google.android.datatransport:transport-runtime:3.2.0] AndroidManifest.xml:31:13-132
118            android:exported="false" />
118-->[com.google.android.datatransport:transport-runtime:3.2.0] AndroidManifest.xml:32:13-37
119        <receiver
119-->[androidx.profileinstaller:profileinstaller:1.3.0] AndroidManifest.xml:34:9-52:20
120            android:name="androidx.profileinstaller.ProfileInstallReceiver"
120-->[androidx.profileinstaller:profileinstaller:1.3.0] AndroidManifest.xml:35:13-76
121            android:directBootAware="false"
121-->[androidx.profileinstaller:profileinstaller:1.3.0] AndroidManifest.xml:36:13-44
122            android:enabled="true"
122-->[androidx.profileinstaller:profileinstaller:1.3.0] AndroidManifest.xml:37:13-35
123            android:exported="true"
123-->[androidx.profileinstaller:profileinstaller:1.3.0] AndroidManifest.xml:38:13-36
124            android:permission="android.permission.DUMP" >
124-->[androidx.profileinstaller:profileinstaller:1.3.0] AndroidManifest.xml:39:13-57
125            <intent-filter>
125-->[androidx.profileinstaller:profileinstaller:1.3.0] AndroidManifest.xml:40:13-42:29
126                <action android:name="androidx.profileinstaller.action.INSTALL_PROFILE" />
126-->[androidx.profileinstaller:profileinstaller:1.3.0] AndroidManifest.xml:41:17-91
126-->[androidx.profileinstaller:profileinstaller:1.3.0] AndroidManifest.xml:41:25-88
127            </intent-filter>
128            <intent-filter>
128-->[androidx.profileinstaller:profileinstaller:1.3.0] AndroidManifest.xml:43:13-45:29
129                <action android:name="androidx.profileinstaller.action.SKIP_FILE" />
129-->[androidx.profileinstaller:profileinstaller:1.3.0] AndroidManifest.xml:44:17-85
129-->[androidx.profileinstaller:profileinstaller:1.3.0] AndroidManifest.xml:44:25-82
130            </intent-filter>
131            <intent-filter>
131-->[androidx.profileinstaller:profileinstaller:1.3.0] AndroidManifest.xml:46:13-48:29
132                <action android:name="androidx.profileinstaller.action.SAVE_PROFILE" />
132-->[androidx.profileinstaller:profileinstaller:1.3.0] AndroidManifest.xml:47:17-88
132-->[androidx.profileinstaller:profileinstaller:1.3.0] AndroidManifest.xml:47:25-85
133            </intent-filter>
134            <intent-filter>
134-->[androidx.profileinstaller:profileinstaller:1.3.0] AndroidManifest.xml:49:13-51:29
135                <action android:name="androidx.profileinstaller.action.BENCHMARK_OPERATION" />
135-->[androidx.profileinstaller:profileinstaller:1.3.0] AndroidManifest.xml:50:17-95
135-->[androidx.profileinstaller:profileinstaller:1.3.0] AndroidManifest.xml:50:25-92
136            </intent-filter>
137        </receiver>
138    </application>
139
140</manifest>